373040 2 8 8
450040 1 4 8
36684 0 0 10
165744 0 0 7
220960 1 1 3
2590720 1 7 0
1519360 1 7 7
2241280 1 1 8
587800 1 1 4
133320 0 3 0
132080 2 5 3
214400 2 2 10
359360 2 8 1
17208 0 0 4
896520 0 3 9
123464 2 2 0
53200 1 1 4
1692 0 0 9
1409200 1 7 1
97840 1 1 6
357440 2 5 6
175360 1 4 9
2489000 2 5 8
2454680 2 2 8
1175800 1 4 10
4320 0 0 8
284040 0 0 9
218920 1 4 9
366160 1 4 3
260720 2 8 9
10908 0 0 7
642200 2 5 9
94788 0 0 1
21480 0 6 8
6948 0 0 7
454120 1 7 7
141880 1 4 2
162280 1 1 8
191000 2 2 7
63880 1 7 3
45240 0 6 8
2381640 0 6 8
10152 0 0 10
747360 0 0 9
102840 0 6 1
15732 0 0 2
6012 0 0 6
3528 0 0 8
107120 2 2 2
9152 2 8 0
58200 0 6 10
551880 0 0 10
1224 0 0 3
80800 1 7 5
5184 0 0 3
6840 0 0 9
3636 0 0 6
2960 2 8 1
204960 0 3 8
76840 1 7 5
86320 1 1 3
42760 1 1 3
12320 2 8 0
98560 1 1 0
2160 0 0 4
131040 0 0 8
30448 1 1 0
105160 1 4 0
1440 0 0 10
40480 1 7 0
60000 0 6 6
2340 0 0 8
15000 0 6 7
169600 1 4 2
120560 2 5 0
34640 2 8 1
1692 0 0 9
60240 0 3 4
62080 1 7 7
396 0 0 0
130280 2 5 7
233600 2 5 4
10320 0 6 2
186520 1 4 4
6280 1 7 10
5960 2 2 9
779424 0 6 8
778932 0 0 0
775884 0 3 10
768912 0 6 1
779148 0 0 7
763656 0 6 3
776424 0 3 0
776616 0 6 5
776772 0 0 7
777324 0 3 9
437076 0 0 2
Load Texture: lol/LEVELS/Map1/Scene/Textures/mushroompatch02.png
Load Texture: lol/LEVELS/Map1/Scene/Textures/mushroompatch02.png 1
Load Texture: lol/LEVELS/Map1/Scene/Textures/png
Load Texture: lol/LEVELS/Map1/Scene/Textures/rock_lane.png
Load Texture: lol/LEVELS/Map1/Scene/Textures/rock_lane.png 2
Load Texture: lol/LEVELS/Map1/Scene/Textures/png
Load Texture: lol/LEVELS/Map1/Scene/Textures/order_ground_mix2.png
Load Texture: lol/LEVELS/Map1/Scene/Textures/order_ground_mix2.png 3
Load Texture: lol/LEVELS/Map1/Scene/Textures/png
Load Texture: lol/LEVELS/Map1/Scene/Textures/order_base_decal_mid.png
Load Texture: lol/LEVELS/Map1/Scene/Textures/order_base_decal_mid.png 4
Load Texture: lol/LEVELS/Map1/Scene/Textures/png
Load Texture: lol/LEVELS/Map1/Scene/Textures/stonehenge_03.png
